
7월 25, 2017 13:41:11.55 NEW SESSION
7월 25, 2017 13:41:11.55 [3000:1916:0725/134111.550:ERROR:get_updates_processor.cc(244)] PostClientToServerMessage() failed during GetUpdates
7월 25, 2017 13:41:12.11 [3000:14808:0725/134112.115:ERROR:connection_factory_impl.cc(386)] Failed to connect to MCS endpoint with error -21
7월 25, 2017 13:41:12.12 [3000:1916:0725/134112.120:ERROR:get_updates_processor.cc(244)] PostClientToServerMessage() failed during GetUpdates
7월 25, 2017 13:41:12.63 [3000:1916:0725/134112.633:ERROR:get_updates_processor.cc(244)] PostClientToServerMessage() failed during GetUpdates
7월 25, 2017 13:41:12.63 [3000:1916:0725/134112.637:ERROR:get_updates_processor.cc(244)] PostClientToServerMessage() failed during GetUpdates

7월 26, 2017 13:44:05.09 NEW SESSION
7월 26, 2017 13:44:05.09 [16840:14168:0726/134404.950:ERROR:get_updates_processor.cc(244)] PostClientToServerMessage() failed during GetUpdates
7월 26, 2017 13:44:13.02 [16840:5896:0726/134413.025:ERROR:connection_factory_impl.cc(386)] Failed to connect to MCS endpoint with error -21
7월 26, 2017 13:44:30.88 [16840:5896:0726/134430.885:ERROR:connection_factory_impl.cc(386)] Failed to connect to MCS endpoint with error -21

7월 27, 2017 13:00:28.94 NEW SESSION
7월 27, 2017 13:00:28.94 [6148:15144:0727/130028.924:ERROR:gcm_channel_status_request.cc(127)] GCM channel request failed.
7월 27, 2017 13:00:34.06 [6148:3832:0727/130034.069:ERROR:connection_factory_impl.cc(386)] Failed to connect to MCS endpoint with error -21
7월 27, 2017 14:36:28.92 [6148:15144:0727/143628.920:ERROR:gcm_channel_status_request.cc(127)] GCM channel request failed.
7월 27, 2017 14:36:28.94 [6148:3832:0727/143628.940:ERROR:connection_factory_impl.cc(386)] Failed to connect to MCS endpoint with error -21
7월 27, 2017 14:36:37.13 [6148:3832:0727/143637.136:ERROR:connection_factory_impl.cc(386)] Failed to connect to MCS endpoint with error -21

7월 28, 2017 11:25:59.55 NEW SESSION
7월 28, 2017 11:25:59.55 [10860:5744:0728/112559.551:ERROR:service_manager.cc(158)] Connection InterfaceProviderSpec prevented service: content_plugin from binding interface: memory_instrumentation::mojom::Coordinator exposed by: content_browser
7월 28, 2017 11:59:07.91 [10860:6660:0728/115907.911:ERROR:gpu_process_transport_factory.cc(903)] Lost UI shared context.
7월 28, 2017 12:50:57.66 [11168:5220:0728/125057.669:ERROR:service_manager_context.cc(161)] Attempting to run unsupported native service: C:\Program Files (x86)\Google\Chrome\Application\59.0.3071.115\content_browser.service.exe
7월 28, 2017 12:50:57.66 [11168:5220:0728/125057.669:ERROR:service_manager_context.cc(161)] Attempting to run unsupported native service: C:\Program Files (x86)\Google\Chrome\Application\59.0.3071.115\content_browser.service.exe
7월 28, 2017 12:50:57.66 [11168:5220:0728/125057.669:ERROR:service_manager_context.cc(161)] Attempting to run unsupported native service: C:\Program Files (x86)\Google\Chrome\Application\59.0.3071.115\content_browser.service.exe
7월 28, 2017 12:50:57.66 [11168:5220:0728/125057.669:ERROR:service_manager_context.cc(161)] Attempting to run unsupported native service: C:\Program Files (x86)\Google\Chrome\Application\59.0.3071.115\content_browser.service.exe
7월 28, 2017 12:50:57.66 [11168:5220:0728/125057.669:ERROR:service_manager_context.cc(161)] Attempting to run unsupported native service: C:\Program Files (x86)\Google\Chrome\Application\59.0.3071.115\content_browser.service.exe
7월 28, 2017 12:50:57.66 [11168:5220:0728/125057.669:ERROR:service_manager_context.cc(161)] Attempting to run unsupported native service: C:\Program Files (x86)\Google\Chrome\Application\59.0.3071.115\content_browser.service.exe
7월 28, 2017 13:47:48.91 [4708:8064:0728/134748.910:ERROR:ssl_client_socket_impl.cc(1054)] handshake failed; returned -1, SSL error code 1, net_error -101

7월 31, 2017 13:24:29.06 NEW SESSION
7월 31, 2017 13:24:29.06 [18160:12116:0731/132428.968:ERROR:get_updates_processor.cc(244)] PostClientToServerMessage() failed during GetUpdates
7월 31, 2017 13:24:29.66 [18160:12116:0731/132429.664:ERROR:get_updates_processor.cc(244)] PostClientToServerMessage() failed during GetUpdates
7월 31, 2017 13:24:59.69 [18160:5156:0731/132459.689:ERROR:connection_factory_impl.cc(386)] Failed to connect to MCS endpoint with error -21

7월 31, 2017 22:52:40.38 NEW SESSION
7월 31, 2017 22:52:40.38 [14412:10320:0731/225240.380:ERROR:service_manager_context.cc(161)] Attempting to run unsupported native service: C:\Program Files (x86)\Google\Chrome\Application\59.0.3071.115\content_browser.service.exe
7월 31, 2017 22:52:40.38 [14412:10320:0731/225240.381:ERROR:service_manager_context.cc(161)] Attempting to run unsupported native service: C:\Program Files (x86)\Google\Chrome\Application\59.0.3071.115\content_browser.service.exe
7월 31, 2017 22:52:40.38 [14412:10320:0731/225240.382:ERROR:service_manager_context.cc(161)] Attempting to run unsupported native service: C:\Program Files (x86)\Google\Chrome\Application\59.0.3071.115\content_browser.service.exe
7월 31, 2017 22:52:40.38 [14412:10320:0731/225240.382:ERROR:service_manager_context.cc(161)] Attempting to run unsupported native service: C:\Program Files (x86)\Google\Chrome\Application\59.0.3071.115\content_browser.service.exe
7월 31, 2017 22:52:40.39 [14412:10320:0731/225240.382:ERROR:service_manager_context.cc(161)] Attempting to run unsupported native service: C:\Program Files (x86)\Google\Chrome\Application\59.0.3071.115\content_browser.service.exe
7월 31, 2017 22:52:40.39 [14412:10320:0731/225240.383:ERROR:service_manager_context.cc(161)] Attempting to run unsupported native service: C:\Program Files (x86)\Google\Chrome\Application\59.0.3071.115\content_browser.service.exe

8월 01, 2017 13:11:25.08 NEW SESSION
8월 01, 2017 13:11:25.08 [15900:13008:0801/131125.065:ERROR:connection_factory_impl.cc(386)] Failed to connect to MCS endpoint with error -21
